<?xml version="1.0" encoding="UTF-8"?>
<testng-results ignored="0" total="1" passed="1" failed="0" skipped="0">
  <reporter-output>
  </reporter-output>
  <suite started-at="2024-02-15T22:35:47 IST" name="Default suite" finished-at="2024-02-15T22:35:47 IST" duration-ms="65">
    <groups>
    </groups>
    <test started-at="2024-02-15T22:35:47 IST" name="Default test" finished-at="2024-02-15T22:35:47 IST" duration-ms="65">
      <class name="Package.TestNG.TestCase1">
        <test-method signature="testName()[pri:0, instance:Package.TestNG.TestCase1@48aca48b]" started-at="2024-02-15T22:35:47 IST" name="testName" finished-at="2024-02-15T22:35:47 IST" duration-ms="14" status="PASS">
          <reporter-output>
          </reporter-output>
        </test-method> <!-- testName -->
      </class> <!-- Package.TestNG.TestCase1 -->
    </test> <!-- Default test -->
  </suite> <!-- Default suite -->
</testng-results>
