<?xml version="1.0" encoding="UTF-8"?>
<testng-results ignored="0" total="3" passed="3" failed="0" skipped="0">
  <reporter-output>
  </reporter-output>
  <suite started-at="2024-02-15T21:57:33 IST" name="Default suite" finished-at="2024-02-15T21:57:33 IST" duration-ms="88">
    <groups>
    </groups>
    <test started-at="2024-02-15T21:57:33 IST" name="Default test" finished-at="2024-02-15T21:57:33 IST" duration-ms="88">
      <class name="TestNgPackage.FirstTestNGProgram">
        <test-method signature="f3()[pri:1, instance:TestNgPackage.FirstTestNGProgram@13fd2ccd]" started-at="2024-02-15T21:57:33 IST" name="f3" finished-at="2024-02-15T21:57:33 IST" duration-ms="14" status="PASS">
          <reporter-output>
          </reporter-output>
        </test-method> <!-- f3 -->
        <test-method signature="f1()[pri:2, instance:TestNgPackage.FirstTestNGProgram@13fd2ccd]" started-at="2024-02-15T21:57:33 IST" name="f1" finished-at="2024-02-15T21:57:33 IST" duration-ms="3" status="PASS">
          <reporter-output>
          </reporter-output>
        </test-method> <!-- f1 -->
        <test-method signature="f2()[pri:3, instance:TestNgPackage.FirstTestNGProgram@13fd2ccd]" started-at="2024-02-15T21:57:33 IST" name="f2" finished-at="2024-02-15T21:57:33 IST" duration-ms="2" status="PASS">
          <reporter-output>
          </reporter-output>
        </test-method> <!-- f2 -->
      </class> <!-- TestNgPackage.FirstTestNGProgram -->
    </test> <!-- Default test -->
  </suite> <!-- Default suite -->
</testng-results>
